  arbori_binari.c
C:\Users\Administrator\source\repos\SDD2022\Seminar_10\Sem10SDD_1058\arbori_binari.c(28,39): warning C4013: 'strlen' undefined; assuming extern returning int
C:\Users\Administrator\source\repos\SDD2022\Seminar_10\Sem10SDD_1058\arbori_binari.c(29,8): warning C4013: 'strcpy' undefined; assuming extern returning int
C:\Users\Administrator\source\repos\SDD2022\Seminar_10\Sem10SDD_1058\arbori_binari.c(32,18): warning C4133: '=': incompatible types - from 'nodArb *' to 'nodArb *'
C:\Users\Administrator\source\repos\SDD2022\Seminar_10\Sem10SDD_1058\arbori_binari.c(33,19): warning C4133: '=': incompatible types - from 'nodArb *' to 'nodArb *'
C:\Users\Administrator\source\repos\SDD2022\Seminar_10\Sem10SDD_1058\arbori_binari.c(44,44): warning C4133: 'function': incompatible types - from 'nodArb *' to 'nodArb *'
C:\Users\Administrator\source\repos\SDD2022\Seminar_10\Sem10SDD_1058\arbori_binari.c(44,45): warning C4133: '=': incompatible types - from 'nodArb *' to 'nodArb *'
C:\Users\Administrator\source\repos\SDD2022\Seminar_10\Sem10SDD_1058\arbori_binari.c(50,47): warning C4133: 'function': incompatible types - from 'nodArb *' to 'nodArb *'
C:\Users\Administrator\source\repos\SDD2022\Seminar_10\Sem10SDD_1058\arbori_binari.c(50,48): warning C4133: '=': incompatible types - from 'nodArb *' to 'nodArb *'
C:\Users\Administrator\source\repos\SDD2022\Seminar_10\Sem10SDD_1058\arbori_binari.c(66,34): warning C4133: 'function': incompatible types - from 'nodArb *' to 'nodArb *'
C:\Users\Administrator\source\repos\SDD2022\Seminar_10\Sem10SDD_1058\arbori_binari.c(67,35): warning C4133: 'function': incompatible types - from 'nodArb *' to 'nodArb *'
C:\Users\Administrator\source\repos\SDD2022\Seminar_10\Sem10SDD_1058\arbori_binari.c(75,33): warning C4133: 'function': incompatible types - from 'nodArb *' to 'nodArb *'
C:\Users\Administrator\source\repos\SDD2022\Seminar_10\Sem10SDD_1058\arbori_binari.c(78,34): warning C4133: 'function': incompatible types - from 'nodArb *' to 'nodArb *'
C:\Users\Administrator\source\repos\SDD2022\Seminar_10\Sem10SDD_1058\arbori_binari.c(86,35): warning C4133: 'function': incompatible types - from 'nodArb *' to 'nodArb *'
C:\Users\Administrator\source\repos\SDD2022\Seminar_10\Sem10SDD_1058\arbori_binari.c(87,36): warning C4133: 'function': incompatible types - from 'nodArb *' to 'nodArb *'
C:\Users\Administrator\source\repos\SDD2022\Seminar_10\Sem10SDD_1058\arbori_binari.c(97,1): warning C4133: 'initializing': incompatible types - from 'nodArb *' to 'nodArb *'
C:\Users\Administrator\source\repos\SDD2022\Seminar_10\Sem10SDD_1058\arbori_binari.c(98,1): warning C4133: 'initializing': incompatible types - from 'nodArb *' to 'nodArb *'
C:\Users\Administrator\source\repos\SDD2022\Seminar_10\Sem10SDD_1058\arbori_binari.c(114,31): warning C4133: 'function': incompatible types - from 'nodArb *' to 'nodArb *'
C:\Users\Administrator\source\repos\SDD2022\Seminar_10\Sem10SDD_1058\arbori_binari.c(116,32): warning C4133: 'function': incompatible types - from 'nodArb *' to 'nodArb *'
C:\Users\Administrator\source\repos\SDD2022\Seminar_10\Sem10SDD_1058\arbori_binari.c(131,31): warning C4133: 'function': incompatible types - from 'nodArb *' to 'nodArb *'
C:\Users\Administrator\source\repos\SDD2022\Seminar_10\Sem10SDD_1058\arbori_binari.c(132,32): warning C4133: 'function': incompatible types - from 'nodArb *' to 'nodArb *'
C:\Users\Administrator\source\repos\SDD2022\Seminar_10\Sem10SDD_1058\arbori_binari.c(145,34): warning C4133: 'function': incompatible types - from 'nodArb *' to 'nodArb *'
C:\Users\Administrator\source\repos\SDD2022\Seminar_10\Sem10SDD_1058\arbori_binari.c(146,35): warning C4133: 'function': incompatible types - from 'nodArb *' to 'nodArb *'
C:\Users\Administrator\source\repos\SDD2022\Seminar_10\Sem10SDD_1058\arbori_binari.c(161,46): warning C4133: 'function': incompatible types - from 'nodArb *' to 'nodArb *'
C:\Users\Administrator\source\repos\SDD2022\Seminar_10\Sem10SDD_1058\arbori_binari.c(162,31): warning C4133: 'function': incompatible types - from 'nodArb *' to 'nodArb *'
C:\Users\Administrator\source\repos\SDD2022\Seminar_10\Sem10SDD_1058\arbori_binari.c(172,20): warning C4133: '=': incompatible types - from 'nodArb *' to 'nodArb *'
C:\Users\Administrator\source\repos\SDD2022\Seminar_10\Sem10SDD_1058\arbori_binari.c(178,25): warning C4133: '=': incompatible types - from 'nodArb *' to 'nodArb *'
C:\Users\Administrator\source\repos\SDD2022\Seminar_10\Sem10SDD_1058\arbori_binari.c(185,22): warning C4133: '=': incompatible types - from 'nodArb *' to 'nodArb *'
C:\Users\Administrator\source\repos\SDD2022\Seminar_10\Sem10SDD_1058\arbori_binari.c(175,1): warning C4133: 'initializing': incompatible types - from 'nodArb *' to 'nodArb *'
C:\Users\Administrator\source\repos\SDD2022\Seminar_10\Sem10SDD_1058\arbori_binari.c(216,43): warning C4133: 'function': incompatible types - from 'nodArb *' to 'nodArb *'
C:\Users\Administrator\source\repos\SDD2022\Seminar_10\Sem10SDD_1058\arbori_binari.c(216,44): warning C4133: '=': incompatible types - from 'nodArb *' to 'nodArb *'
C:\Users\Administrator\source\repos\SDD2022\Seminar_10\Sem10SDD_1058\arbori_binari.c(219,25): warning C4133: '=': incompatible types - from 'nodArb *' to 'nodArb *'
C:\Users\Administrator\source\repos\SDD2022\Seminar_10\Sem10SDD_1058\arbori_binari.c(230,46): warning C4133: 'function': incompatible types - from 'nodArb *' to 'nodArb *'
C:\Users\Administrator\source\repos\SDD2022\Seminar_10\Sem10SDD_1058\arbori_binari.c(230,47): warning C4133: '=': incompatible types - from 'nodArb *' to 'nodArb *'
C:\Users\Administrator\source\repos\SDD2022\Seminar_10\Sem10SDD_1058\arbori_binari.c(233,27): warning C4133: '=': incompatible types - from 'nodArb *' to 'nodArb *'
C:\Users\Administrator\source\repos\SDD2022\Seminar_10\Sem10SDD_1058\arbori_binari.c(213,1): warning C4133: 'initializing': incompatible types - from 'nodArb *' to 'nodArb *'
C:\Users\Administrator\source\repos\SDD2022\Seminar_10\Sem10SDD_1058\arbori_binari.c(227,1): warning C4133: 'initializing': incompatible types - from 'nodArb *' to 'nodArb *'
C:\Users\Administrator\source\repos\SDD2022\Seminar_10\Sem10SDD_1058\arbori_binari.c(245,47): warning C4133: 'function': incompatible types - from 'nodArb *' to 'nodArb *'
C:\Users\Administrator\source\repos\SDD2022\Seminar_10\Sem10SDD_1058\arbori_binari.c(245,55): warning C4133: '=': incompatible types - from 'nodArb *' to 'nodArb *'
C:\Users\Administrator\source\repos\SDD2022\Seminar_10\Sem10SDD_1058\arbori_binari.c(248,50): warning C4133: 'function': incompatible types - from 'nodArb *' to 'nodArb *'
C:\Users\Administrator\source\repos\SDD2022\Seminar_10\Sem10SDD_1058\arbori_binari.c(248,58): warning C4133: '=': incompatible types - from 'nodArb *' to 'nodArb *'
C:\Users\Administrator\source\repos\SDD2022\Seminar_10\Sem10SDD_1058\arbori_binari.c(261,13): warning C4013: 'strcmp' undefined; assuming extern returning int
C:\Users\Administrator\source\repos\SDD2022\Seminar_10\Sem10SDD_1058\arbori_binari.c(268,44): warning C4133: 'function': incompatible types - from 'nodArb *' to 'nodArb *'
C:\Users\Administrator\source\repos\SDD2022\Seminar_10\Sem10SDD_1058\arbori_binari.c(268,51): warning C4133: '=': incompatible types - from 'nodArb *' to 'nodArb *'
C:\Users\Administrator\source\repos\SDD2022\Seminar_10\Sem10SDD_1058\arbori_binari.c(269,46): warning C4133: 'function': incompatible types - from 'nodArb *' to 'nodArb *'
C:\Users\Administrator\source\repos\SDD2022\Seminar_10\Sem10SDD_1058\arbori_binari.c(269,53): warning C4133: '=': incompatible types - from 'nodArb *' to 'nodArb *'
C:\Users\Administrator\source\repos\SDD2022\Seminar_10\Sem10SDD_1058\arbori_binari.c(292,21): warning C4133: '=': incompatible types - from 'nodLista *' to 'nodLista *'
C:\Users\Administrator\source\repos\SDD2022\Seminar_10\Sem10SDD_1058\arbori_binari.c(293,19): warning C4133: '=': incompatible types - from 'nodLista *' to 'nodLista *'
C:\Users\Administrator\source\repos\SDD2022\Seminar_10\Sem10SDD_1058\arbori_binari.c(305,20): warning C4133: '=': incompatible types - from 'nodLista *' to 'nodLista *'
C:\Users\Administrator\source\repos\SDD2022\Seminar_10\Sem10SDD_1058\arbori_binari.c(314,1): warning C4133: 'initializing': incompatible types - from 'nodLista *' to 'nodLista *'
C:\Users\Administrator\source\repos\SDD2022\Seminar_10\Sem10SDD_1058\arbori_binari.c(327,34): warning C4133: 'function': incompatible types - from 'nodArb *' to 'nodArb *'
C:\Users\Administrator\source\repos\SDD2022\Seminar_10\Sem10SDD_1058\arbori_binari.c(328,35): warning C4133: 'function': incompatible types - from 'nodArb *' to 'nodArb *'
C:\Users\Administrator\source\repos\SDD2022\Seminar_10\Sem10SDD_1058\arbori_binari.c(336,40): warning C4133: 'function': incompatible types - from 'nodArb *' to 'nodArb *'
C:\Users\Administrator\source\repos\SDD2022\Seminar_10\Sem10SDD_1058\arbori_binari.c(337,30): warning C4133: 'function': incompatible types - from 'nodArb *' to 'nodArb *'
C:\Users\Administrator\source\repos\SDD2022\Seminar_10\Sem10SDD_1058\arbori_binari.c(338,23): warning C4133: 'function': incompatible types - from 'nodArb *' to 'nodArb *'
C:\Users\Administrator\source\repos\SDD2022\Seminar_10\Sem10SDD_1058\arbori_binari.c(339,24): warning C4133: 'function': incompatible types - from 'nodArb *' to 'nodArb *'
C:\Users\Administrator\source\repos\SDD2022\Seminar_10\Sem10SDD_1058\arbori_binari.c(348,21): warning C4133: '=': incompatible types - from 'nodArb *' to 'nodArb *'
C:\Users\Administrator\source\repos\SDD2022\Seminar_10\Sem10SDD_1058\arbori_binari.c(346,1): warning C4133: 'initializing': incompatible types - from 'nodArb *' to 'nodArb *'
C:\Users\Administrator\source\repos\SDD2022\Seminar_10\Sem10SDD_1058\arbori_binari.c(358,20): warning C4133: '=': incompatible types - from 'nodArb *' to 'nodArb *'
C:\Users\Administrator\source\repos\SDD2022\Seminar_10\Sem10SDD_1058\arbori_binari.c(356,1): warning C4133: 'initializing': incompatible types - from 'nodArb *' to 'nodArb *'
C:\Users\Administrator\source\repos\SDD2022\Seminar_10\Sem10SDD_1058\arbori_binari.c(369,22): warning C4133: '=': incompatible types - from 'nodArb *' to 'nodArb *'
C:\Users\Administrator\source\repos\SDD2022\Seminar_10\Sem10SDD_1058\arbori_binari.c(371,20): warning C4133: '=': incompatible types - from 'nodArb *' to 'nodArb *'
C:\Users\Administrator\source\repos\SDD2022\Seminar_10\Sem10SDD_1058\arbori_binari.c(366,1): warning C4133: 'initializing': incompatible types - from 'nodArb *' to 'nodArb *'
C:\Users\Administrator\source\repos\SDD2022\Seminar_10\Sem10SDD_1058\arbori_binari.c(367,1): warning C4133: 'initializing': incompatible types - from 'nodArb *' to 'nodArb *'
C:\Users\Administrator\source\repos\SDD2022\Seminar_10\Sem10SDD_1058\arbori_binari.c(382,21): warning C4133: '=': incompatible types - from 'nodArb *' to 'nodArb *'
C:\Users\Administrator\source\repos\SDD2022\Seminar_10\Sem10SDD_1058\arbori_binari.c(384,21): warning C4133: '=': incompatible types - from 'nodArb *' to 'nodArb *'
C:\Users\Administrator\source\repos\SDD2022\Seminar_10\Sem10SDD_1058\arbori_binari.c(379,1): warning C4133: 'initializing': incompatible types - from 'nodArb *' to 'nodArb *'
C:\Users\Administrator\source\repos\SDD2022\Seminar_10\Sem10SDD_1058\arbori_binari.c(380,1): warning C4133: 'initializing': incompatible types - from 'nodArb *' to 'nodArb *'
C:\Users\Administrator\source\repos\SDD2022\Seminar_10\Sem10SDD_1058\arbori_binari.c(392,1): warning C4133: 'initializing': incompatible types - from 'nodArb *' to 'nodArb *'
C:\Users\Administrator\source\repos\SDD2022\Seminar_10\Sem10SDD_1058\arbori_binari.c(393,1): warning C4133: 'initializing': incompatible types - from 'nodArb *' to 'nodArb *'
C:\Users\Administrator\source\repos\SDD2022\Seminar_10\Sem10SDD_1058\arbori_binari.c(472,49): warning C4133: 'function': incompatible types - from 'nodArb *' to 'nodArb *'
C:\Users\Administrator\source\repos\SDD2022\Seminar_10\Sem10SDD_1058\arbori_binari.c(473,29): warning C4133: 'function': incompatible types - from 'nodArb *' to 'nodArb *'
  Sem7SDD_1058.vcxproj -> C:\Users\Administrator\source\repos\SDD2022\Seminar_10\Sem10SDD_1058\x64\Debug\Sem7SDD_1058.exe
