  Source3.c
C:\Users\Administrator\Desktop\SDD 2022\Curs_11\Curs_11\Source3.c(38,21): warning C4133: '=': incompatible types - from 'nodlp *' to 'nodlp *'
C:\Users\Administrator\Desktop\SDD 2022\Curs_11\Curs_11\Source3.c(39,19): warning C4133: '=': incompatible types - from 'nodlp *' to 'nodlp *'
C:\Users\Administrator\Desktop\SDD 2022\Curs_11\Curs_11\Source3.c(51,18): warning C4133: '=': incompatible types - from 'nodlp *' to 'nodlp *'
C:\Users\Administrator\Desktop\SDD 2022\Curs_11\Curs_11\Source3.c(57,21): warning C4133: '=': incompatible types - from 'nodls *' to 'nodls *'
C:\Users\Administrator\Desktop\SDD 2022\Curs_11\Curs_11\Source3.c(58,19): warning C4133: '=': incompatible types - from 'nodls *' to 'nodls *'
C:\Users\Administrator\Desktop\SDD 2022\Curs_11\Curs_11\Source3.c(72,20): warning C4133: '=': incompatible types - from 'nodlp *' to 'nodlp *'
C:\Users\Administrator\Desktop\SDD 2022\Curs_11\Curs_11\Source3.c(85,50): warning C4133: 'function': incompatible types - from 'nodls *' to 'nodls *'
C:\Users\Administrator\Desktop\SDD 2022\Curs_11\Curs_11\Source3.c(85,60): warning C4133: '=': incompatible types - from 'nodls *' to 'nodls *'
C:\Users\Administrator\Desktop\SDD 2022\Curs_11\Curs_11\Source3.c(86,48): warning C4133: 'function': incompatible types - from 'nodls *' to 'nodls *'
C:\Users\Administrator\Desktop\SDD 2022\Curs_11\Curs_11\Source3.c(86,59): warning C4133: '=': incompatible types - from 'nodls *' to 'nodls *'
C:\Users\Administrator\Desktop\SDD 2022\Curs_11\Curs_11\Source3.c(98,20): warning C4133: '=': incompatible types - from 'nodls *' to 'nodls *'
C:\Users\Administrator\Desktop\SDD 2022\Curs_11\Curs_11\Source3.c(96,1): warning C4133: 'initializing': incompatible types - from 'nodlp *' to 'nodlp *'
C:\Users\Administrator\Desktop\SDD 2022\Curs_11\Curs_11\Source3.c(108,28): warning C4133: 'function': incompatible types - from 'nodls *' to 'nodls *'
C:\Users\Administrator\Desktop\SDD 2022\Curs_11\Curs_11\Source3.c(109,20): warning C4133: '=': incompatible types - from 'nodlp *' to 'nodlp *'
C:\Users\Administrator\Desktop\SDD 2022\Curs_11\Curs_11\Source3.c(129,19): warning C4133: '=': incompatible types - from 'NodStiva *' to 'NodStiva *'
C:\Users\Administrator\Desktop\SDD 2022\Curs_11\Curs_11\Source3.c(141,24): warning C4133: '=': incompatible types - from 'NodStiva *' to 'NodStiva *'
C:\Users\Administrator\Desktop\SDD 2022\Curs_11\Curs_11\Source3.c(158,20): warning C4133: '=': incompatible types - from 'nodlp *' to 'nodlp *'
C:\Users\Administrator\Desktop\SDD 2022\Curs_11\Curs_11\Source3.c(195,22): warning C4133: '=': incompatible types - from 'nodls *' to 'nodls *'
C:\Users\Administrator\Desktop\SDD 2022\Curs_11\Curs_11\Source3.c(186,1): warning C4133: 'initializing': incompatible types - from 'nodls *' to 'nodls *'
C:\Users\Administrator\Desktop\SDD 2022\Curs_11\Curs_11\Source3.c(187,1): warning C4133: 'initializing': incompatible types - from 'nodlp *' to 'nodlp *'
C:\Users\Administrator\Desktop\SDD 2022\Curs_11\Curs_11\Source3.c(204,1): warning C4133: 'initializing': incompatible types - from 'nodls *' to 'nodls *'
C:\Users\Administrator\Desktop\SDD 2022\Curs_11\Curs_11\Source3.c(215,29): warning C4133: 'function': incompatible types - from 'nodls *' to 'nodls *'
C:\Users\Administrator\Desktop\SDD 2022\Curs_11\Curs_11\Source3.c(213,1): warning C4133: 'initializing': incompatible types - from 'nodlp *' to 'nodlp *'
  Curs_11.vcxproj -> C:\Users\Administrator\Desktop\SDD 2022\Curs_11\Curs_11\Debug\Curs_11.exe
