  arbore_binar.c
C:\Users\Administrator\source\repos\SDD2022\Seminar_10\Sem10SDD_1057\arbore_binar.c(28,44): warning C4013: 'strlen' undefined; assuming extern returning int
C:\Users\Administrator\source\repos\SDD2022\Seminar_10\Sem10SDD_1057\arbore_binar.c(30,8): warning C4013: 'strcpy' undefined; assuming extern returning int
C:\Users\Administrator\source\repos\SDD2022\Seminar_10\Sem10SDD_1057\arbore_binar.c(32,18): warning C4133: '=': incompatible types - from 'nodArb *' to 'nodArb *'
C:\Users\Administrator\source\repos\SDD2022\Seminar_10\Sem10SDD_1057\arbore_binar.c(33,19): warning C4133: '=': incompatible types - from 'nodArb *' to 'nodArb *'
C:\Users\Administrator\source\repos\SDD2022\Seminar_10\Sem10SDD_1057\arbore_binar.c(43,44): warning C4133: 'function': incompatible types - from 'nodArb *' to 'nodArb *'
C:\Users\Administrator\source\repos\SDD2022\Seminar_10\Sem10SDD_1057\arbore_binar.c(43,45): warning C4133: '=': incompatible types - from 'nodArb *' to 'nodArb *'
C:\Users\Administrator\source\repos\SDD2022\Seminar_10\Sem10SDD_1057\arbore_binar.c(49,47): warning C4133: 'function': incompatible types - from 'nodArb *' to 'nodArb *'
C:\Users\Administrator\source\repos\SDD2022\Seminar_10\Sem10SDD_1057\arbore_binar.c(49,48): warning C4133: '=': incompatible types - from 'nodArb *' to 'nodArb *'
C:\Users\Administrator\source\repos\SDD2022\Seminar_10\Sem10SDD_1057\arbore_binar.c(65,24): warning C4133: 'function': incompatible types - from 'nodArb *' to 'nodArb *'
C:\Users\Administrator\source\repos\SDD2022\Seminar_10\Sem10SDD_1057\arbore_binar.c(66,25): warning C4133: 'function': incompatible types - from 'nodArb *' to 'nodArb *'
C:\Users\Administrator\source\repos\SDD2022\Seminar_10\Sem10SDD_1057\arbore_binar.c(74,23): warning C4133: 'function': incompatible types - from 'nodArb *' to 'nodArb *'
C:\Users\Administrator\source\repos\SDD2022\Seminar_10\Sem10SDD_1057\arbore_binar.c(77,24): warning C4133: 'function': incompatible types - from 'nodArb *' to 'nodArb *'
C:\Users\Administrator\source\repos\SDD2022\Seminar_10\Sem10SDD_1057\arbore_binar.c(89,34): warning C4133: 'function': incompatible types - from 'nodArb *' to 'nodArb *'
C:\Users\Administrator\source\repos\SDD2022\Seminar_10\Sem10SDD_1057\arbore_binar.c(91,35): warning C4133: 'function': incompatible types - from 'nodArb *' to 'nodArb *'
C:\Users\Administrator\source\repos\SDD2022\Seminar_10\Sem10SDD_1057\arbore_binar.c(101,25): warning C4133: 'function': incompatible types - from 'nodArb *' to 'nodArb *'
C:\Users\Administrator\source\repos\SDD2022\Seminar_10\Sem10SDD_1057\arbore_binar.c(102,26): warning C4133: 'function': incompatible types - from 'nodArb *' to 'nodArb *'
C:\Users\Administrator\source\repos\SDD2022\Seminar_10\Sem10SDD_1057\arbore_binar.c(112,1): warning C4133: 'initializing': incompatible types - from 'nodArb *' to 'nodArb *'
C:\Users\Administrator\source\repos\SDD2022\Seminar_10\Sem10SDD_1057\arbore_binar.c(113,1): warning C4133: 'initializing': incompatible types - from 'nodArb *' to 'nodArb *'
C:\Users\Administrator\source\repos\SDD2022\Seminar_10\Sem10SDD_1057\arbore_binar.c(127,36): warning C4133: 'function': incompatible types - from 'nodArb *' to 'nodArb *'
C:\Users\Administrator\source\repos\SDD2022\Seminar_10\Sem10SDD_1057\arbore_binar.c(128,37): warning C4133: 'function': incompatible types - from 'nodArb *' to 'nodArb *'
C:\Users\Administrator\source\repos\SDD2022\Seminar_10\Sem10SDD_1057\arbore_binar.c(141,40): warning C4133: 'function': incompatible types - from 'nodArb *' to 'nodArb *'
C:\Users\Administrator\source\repos\SDD2022\Seminar_10\Sem10SDD_1057\arbore_binar.c(142,41): warning C4133: 'function': incompatible types - from 'nodArb *' to 'nodArb *'
C:\Users\Administrator\source\repos\SDD2022\Seminar_10\Sem10SDD_1057\arbore_binar.c(152,34): warning C4133: 'function': incompatible types - from 'nodArb *' to 'nodArb *'
C:\Users\Administrator\source\repos\SDD2022\Seminar_10\Sem10SDD_1057\arbore_binar.c(153,35): warning C4133: 'function': incompatible types - from 'nodArb *' to 'nodArb *'
C:\Users\Administrator\source\repos\SDD2022\Seminar_10\Sem10SDD_1057\arbore_binar.c(168,46): warning C4133: 'function': incompatible types - from 'nodArb *' to 'nodArb *'
C:\Users\Administrator\source\repos\SDD2022\Seminar_10\Sem10SDD_1057\arbore_binar.c(169,31): warning C4133: 'function': incompatible types - from 'nodArb *' to 'nodArb *'
C:\Users\Administrator\source\repos\SDD2022\Seminar_10\Sem10SDD_1057\arbore_binar.c(179,20): warning C4133: '=': incompatible types - from 'nodArb *' to 'nodArb *'
C:\Users\Administrator\source\repos\SDD2022\Seminar_10\Sem10SDD_1057\arbore_binar.c(184,25): warning C4133: '=': incompatible types - from 'nodArb *' to 'nodArb *'
C:\Users\Administrator\source\repos\SDD2022\Seminar_10\Sem10SDD_1057\arbore_binar.c(190,22): warning C4133: '=': incompatible types - from 'nodArb *' to 'nodArb *'
C:\Users\Administrator\source\repos\SDD2022\Seminar_10\Sem10SDD_1057\arbore_binar.c(182,1): warning C4133: 'initializing': incompatible types - from 'nodArb *' to 'nodArb *'
C:\Users\Administrator\source\repos\SDD2022\Seminar_10\Sem10SDD_1057\arbore_binar.c(203,47): warning C4133: 'function': incompatible types - from 'nodArb *' to 'nodArb *'
C:\Users\Administrator\source\repos\SDD2022\Seminar_10\Sem10SDD_1057\arbore_binar.c(203,55): warning C4133: '=': incompatible types - from 'nodArb *' to 'nodArb *'
C:\Users\Administrator\source\repos\SDD2022\Seminar_10\Sem10SDD_1057\arbore_binar.c(206,50): warning C4133: 'function': incompatible types - from 'nodArb *' to 'nodArb *'
C:\Users\Administrator\source\repos\SDD2022\Seminar_10\Sem10SDD_1057\arbore_binar.c(206,58): warning C4133: '=': incompatible types - from 'nodArb *' to 'nodArb *'
C:\Users\Administrator\source\repos\SDD2022\Seminar_10\Sem10SDD_1057\arbore_binar.c(219,13): warning C4013: 'strcmp' undefined; assuming extern returning int
C:\Users\Administrator\source\repos\SDD2022\Seminar_10\Sem10SDD_1057\arbore_binar.c(226,48): warning C4133: 'function': incompatible types - from 'nodArb *' to 'nodArb *'
C:\Users\Administrator\source\repos\SDD2022\Seminar_10\Sem10SDD_1057\arbore_binar.c(226,59): warning C4133: '=': incompatible types - from 'nodArb *' to 'nodArb *'
C:\Users\Administrator\source\repos\SDD2022\Seminar_10\Sem10SDD_1057\arbore_binar.c(227,50): warning C4133: 'function': incompatible types - from 'nodArb *' to 'nodArb *'
C:\Users\Administrator\source\repos\SDD2022\Seminar_10\Sem10SDD_1057\arbore_binar.c(227,61): warning C4133: '=': incompatible types - from 'nodArb *' to 'nodArb *'
C:\Users\Administrator\source\repos\SDD2022\Seminar_10\Sem10SDD_1057\arbore_binar.c(239,40): warning C4133: 'function': incompatible types - from 'nodArb *' to 'nodArb *'
C:\Users\Administrator\source\repos\SDD2022\Seminar_10\Sem10SDD_1057\arbore_binar.c(239,70): warning C4133: 'function': incompatible types - from 'nodArb *' to 'nodArb *'
C:\Users\Administrator\source\repos\SDD2022\Seminar_10\Sem10SDD_1057\arbore_binar.c(240,23): warning C4133: 'function': incompatible types - from 'nodArb *' to 'nodArb *'
C:\Users\Administrator\source\repos\SDD2022\Seminar_10\Sem10SDD_1057\arbore_binar.c(241,24): warning C4133: 'function': incompatible types - from 'nodArb *' to 'nodArb *'
C:\Users\Administrator\source\repos\SDD2022\Seminar_10\Sem10SDD_1057\arbore_binar.c(259,21): warning C4133: '=': incompatible types - from 'nodLista *' to 'nodLista *'
C:\Users\Administrator\source\repos\SDD2022\Seminar_10\Sem10SDD_1057\arbore_binar.c(260,19): warning C4133: '=': incompatible types - from 'nodLista *' to 'nodLista *'
C:\Users\Administrator\source\repos\SDD2022\Seminar_10\Sem10SDD_1057\arbore_binar.c(272,20): warning C4133: '=': incompatible types - from 'nodLista *' to 'nodLista *'
C:\Users\Administrator\source\repos\SDD2022\Seminar_10\Sem10SDD_1057\arbore_binar.c(281,1): warning C4133: 'initializing': incompatible types - from 'nodLista *' to 'nodLista *'
C:\Users\Administrator\source\repos\SDD2022\Seminar_10\Sem10SDD_1057\arbore_binar.c(294,35): warning C4133: 'function': incompatible types - from 'nodArb *' to 'nodArb *'
C:\Users\Administrator\source\repos\SDD2022\Seminar_10\Sem10SDD_1057\arbore_binar.c(295,36): warning C4133: 'function': incompatible types - from 'nodArb *' to 'nodArb *'
C:\Users\Administrator\source\repos\SDD2022\Seminar_10\Sem10SDD_1057\arbore_binar.c(304,21): warning C4133: '=': incompatible types - from 'nodArb *' to 'nodArb *'
C:\Users\Administrator\source\repos\SDD2022\Seminar_10\Sem10SDD_1057\arbore_binar.c(302,1): warning C4133: 'initializing': incompatible types - from 'nodArb *' to 'nodArb *'
C:\Users\Administrator\source\repos\SDD2022\Seminar_10\Sem10SDD_1057\arbore_binar.c(314,20): warning C4133: '=': incompatible types - from 'nodArb *' to 'nodArb *'
C:\Users\Administrator\source\repos\SDD2022\Seminar_10\Sem10SDD_1057\arbore_binar.c(312,1): warning C4133: 'initializing': incompatible types - from 'nodArb *' to 'nodArb *'
C:\Users\Administrator\source\repos\SDD2022\Seminar_10\Sem10SDD_1057\arbore_binar.c(325,22): warning C4133: '=': incompatible types - from 'nodArb *' to 'nodArb *'
C:\Users\Administrator\source\repos\SDD2022\Seminar_10\Sem10SDD_1057\arbore_binar.c(327,20): warning C4133: '=': incompatible types - from 'nodArb *' to 'nodArb *'
C:\Users\Administrator\source\repos\SDD2022\Seminar_10\Sem10SDD_1057\arbore_binar.c(322,1): warning C4133: 'initializing': incompatible types - from 'nodArb *' to 'nodArb *'
C:\Users\Administrator\source\repos\SDD2022\Seminar_10\Sem10SDD_1057\arbore_binar.c(323,1): warning C4133: 'initializing': incompatible types - from 'nodArb *' to 'nodArb *'
C:\Users\Administrator\source\repos\SDD2022\Seminar_10\Sem10SDD_1057\arbore_binar.c(338,21): warning C4133: '=': incompatible types - from 'nodArb *' to 'nodArb *'
C:\Users\Administrator\source\repos\SDD2022\Seminar_10\Sem10SDD_1057\arbore_binar.c(340,21): warning C4133: '=': incompatible types - from 'nodArb *' to 'nodArb *'
C:\Users\Administrator\source\repos\SDD2022\Seminar_10\Sem10SDD_1057\arbore_binar.c(335,1): warning C4133: 'initializing': incompatible types - from 'nodArb *' to 'nodArb *'
C:\Users\Administrator\source\repos\SDD2022\Seminar_10\Sem10SDD_1057\arbore_binar.c(336,1): warning C4133: 'initializing': incompatible types - from 'nodArb *' to 'nodArb *'
C:\Users\Administrator\source\repos\SDD2022\Seminar_10\Sem10SDD_1057\arbore_binar.c(348,1): warning C4133: 'initializing': incompatible types - from 'nodArb *' to 'nodArb *'
C:\Users\Administrator\source\repos\SDD2022\Seminar_10\Sem10SDD_1057\arbore_binar.c(349,1): warning C4133: 'initializing': incompatible types - from 'nodArb *' to 'nodArb *'
C:\Users\Administrator\source\repos\SDD2022\Seminar_10\Sem10SDD_1057\arbore_binar.c(430,49): warning C4133: 'function': incompatible types - from 'nodArb *' to 'nodArb *'
C:\Users\Administrator\source\repos\SDD2022\Seminar_10\Sem10SDD_1057\arbore_binar.c(431,29): warning C4133: 'function': incompatible types - from 'nodArb *' to 'nodArb *'
  Sem7SDD_1057.vcxproj -> C:\Users\Administrator\source\repos\SDD2022\Seminar_10\Sem10SDD_1057\x64\Debug\Sem7SDD_1057.exe
