  arbore_binar1.c
C:\Users\Administrator\Desktop\SDD 2022\Curs_6\Curs_6\arbore_binar1.c(21,39): warning C4013: 'strlen' undefined; assuming extern returning int
C:\Users\Administrator\Desktop\SDD 2022\Curs_6\Curs_6\arbore_binar1.c(22,8): warning C4013: 'strcpy' undefined; assuming extern returning int
C:\Users\Administrator\Desktop\SDD 2022\Curs_6\Curs_6\arbore_binar1.c(24,16): warning C4133: '=': incompatible types - from 'nodarb *' to 'nodarb *'
C:\Users\Administrator\Desktop\SDD 2022\Curs_6\Curs_6\arbore_binar1.c(25,17): warning C4133: '=': incompatible types - from 'nodarb *' to 'nodarb *'
C:\Users\Administrator\Desktop\SDD 2022\Curs_6\Curs_6\arbore_binar1.c(35,45): warning C4133: 'function': incompatible types - from 'nodarb *' to 'nodarb *'
C:\Users\Administrator\Desktop\SDD 2022\Curs_6\Curs_6\arbore_binar1.c(35,46): warning C4133: '=': incompatible types - from 'nodarb *' to 'nodarb *'
C:\Users\Administrator\Desktop\SDD 2022\Curs_6\Curs_6\arbore_binar1.c(41,48): warning C4133: 'function': incompatible types - from 'nodarb *' to 'nodarb *'
C:\Users\Administrator\Desktop\SDD 2022\Curs_6\Curs_6\arbore_binar1.c(41,49): warning C4133: '=': incompatible types - from 'nodarb *' to 'nodarb *'
C:\Users\Administrator\Desktop\SDD 2022\Curs_6\Curs_6\arbore_binar1.c(64,21): warning C4133: '=': incompatible types - from 'nodarb *' to 'nodarb *'
C:\Users\Administrator\Desktop\SDD 2022\Curs_6\Curs_6\arbore_binar1.c(67,39): warning C4133: '=': incompatible types - from 'nodarb *' to 'nodarb *'
C:\Users\Administrator\Desktop\SDD 2022\Curs_6\Curs_6\arbore_binar1.c(73,23): warning C4133: '=': incompatible types - from 'nodarb *' to 'nodarb *'
C:\Users\Administrator\Desktop\SDD 2022\Curs_6\Curs_6\arbore_binar1.c(76,41): warning C4133: '=': incompatible types - from 'nodarb *' to 'nodarb *'
C:\Users\Administrator\Desktop\SDD 2022\Curs_6\Curs_6\arbore_binar1.c(89,22): warning C4133: 'function': incompatible types - from 'nodarb *' to 'nodarb *'
C:\Users\Administrator\Desktop\SDD 2022\Curs_6\Curs_6\arbore_binar1.c(90,23): warning C4133: 'function': incompatible types - from 'nodarb *' to 'nodarb *'
C:\Users\Administrator\Desktop\SDD 2022\Curs_6\Curs_6\arbore_binar1.c(98,21): warning C4133: 'function': incompatible types - from 'nodarb *' to 'nodarb *'
C:\Users\Administrator\Desktop\SDD 2022\Curs_6\Curs_6\arbore_binar1.c(100,22): warning C4133: 'function': incompatible types - from 'nodarb *' to 'nodarb *'
C:\Users\Administrator\Desktop\SDD 2022\Curs_6\Curs_6\arbore_binar1.c(108,23): warning C4133: 'function': incompatible types - from 'nodarb *' to 'nodarb *'
C:\Users\Administrator\Desktop\SDD 2022\Curs_6\Curs_6\arbore_binar1.c(109,24): warning C4133: 'function': incompatible types - from 'nodarb *' to 'nodarb *'
C:\Users\Administrator\Desktop\SDD 2022\Curs_6\Curs_6\arbore_binar1.c(118,1): warning C4133: 'initializing': incompatible types - from 'nodarb *' to 'nodarb *'
C:\Users\Administrator\Desktop\SDD 2022\Curs_6\Curs_6\arbore_binar1.c(119,1): warning C4133: 'initializing': incompatible types - from 'nodarb *' to 'nodarb *'
C:\Users\Administrator\Desktop\SDD 2022\Curs_6\Curs_6\arbore_binar1.c(135,29): warning C4133: 'function': incompatible types - from 'nodarb *' to 'nodarb *'
C:\Users\Administrator\Desktop\SDD 2022\Curs_6\Curs_6\arbore_binar1.c(137,30): warning C4133: 'function': incompatible types - from 'nodarb *' to 'nodarb *'
C:\Users\Administrator\Desktop\SDD 2022\Curs_6\Curs_6\arbore_binar1.c(157,32): warning C4133: 'function': incompatible types - from 'nodarb *' to 'nodarb *'
C:\Users\Administrator\Desktop\SDD 2022\Curs_6\Curs_6\arbore_binar1.c(158,33): warning C4133: 'function': incompatible types - from 'nodarb *' to 'nodarb *'
C:\Users\Administrator\Desktop\SDD 2022\Curs_6\Curs_6\arbore_binar1.c(177,38): warning C4133: 'function': incompatible types - from 'nodarb *' to 'nodarb *'
C:\Users\Administrator\Desktop\SDD 2022\Curs_6\Curs_6\arbore_binar1.c(178,39): warning C4133: 'function': incompatible types - from 'nodarb *' to 'nodarb *'
C:\Users\Administrator\Desktop\SDD 2022\Curs_6\Curs_6\arbore_binar1.c(201,34): warning C4133: 'function': incompatible types - from 'nodarb *' to 'nodarb *'
C:\Users\Administrator\Desktop\SDD 2022\Curs_6\Curs_6\arbore_binar1.c(202,35): warning C4133: 'function': incompatible types - from 'nodarb *' to 'nodarb *'
C:\Users\Administrator\Desktop\SDD 2022\Curs_6\Curs_6\arbore_binar1.c(211,18): warning C4133: '=': incompatible types - from 'nodarb *' to 'nodarb *'
C:\Users\Administrator\Desktop\SDD 2022\Curs_6\Curs_6\arbore_binar1.c(216,23): warning C4133: '=': incompatible types - from 'nodarb *' to 'nodarb *'
C:\Users\Administrator\Desktop\SDD 2022\Curs_6\Curs_6\arbore_binar1.c(222,20): warning C4133: '=': incompatible types - from 'nodarb *' to 'nodarb *'
C:\Users\Administrator\Desktop\SDD 2022\Curs_6\Curs_6\arbore_binar1.c(214,1): warning C4133: 'initializing': incompatible types - from 'nodarb *' to 'nodarb *'
C:\Users\Administrator\Desktop\SDD 2022\Curs_6\Curs_6\arbore_binar1.c(243,37): warning C4133: 'function': incompatible types - from 'nodarb *' to 'nodarb *'
C:\Users\Administrator\Desktop\SDD 2022\Curs_6\Curs_6\arbore_binar1.c(243,45): warning C4133: '=': incompatible types - from 'nodarb *' to 'nodarb *'
C:\Users\Administrator\Desktop\SDD 2022\Curs_6\Curs_6\arbore_binar1.c(248,39): warning C4133: 'function': incompatible types - from 'nodarb *' to 'nodarb *'
C:\Users\Administrator\Desktop\SDD 2022\Curs_6\Curs_6\arbore_binar1.c(248,47): warning C4133: '=': incompatible types - from 'nodarb *' to 'nodarb *'
C:\Users\Administrator\Desktop\SDD 2022\Curs_6\Curs_6\arbore_binar1.c(320,21): warning C4133: 'function': incompatible types - from 'nodarb *' to 'nodarb *'
C:\Users\Administrator\Desktop\SDD 2022\Curs_6\Curs_6\arbore_binar1.c(322,22): warning C4133: 'function': incompatible types - from 'nodarb *' to 'nodarb *'
C:\Users\Administrator\Desktop\SDD 2022\Curs_6\Curs_6\arbore_binar1.c(331,69): warning C4133: 'function': incompatible types - from 'nodarb *' to 'nodarb *'
C:\Users\Administrator\Desktop\SDD 2022\Curs_6\Curs_6\arbore_binar1.c(332,70): warning C4133: 'function': incompatible types - from 'nodarb *' to 'nodarb *'
  Curs_6.vcxproj -> C:\Users\Administrator\Desktop\SDD 2022\Curs_6\Curs_6\Debug\Curs_6.exe
