  arbori_binari.c
C:\Users\Administrator\source\repos\SDD2022\Seminar_8\Sem8SDD_1058\arbori_binari.c(27,39): warning C4013: 'strlen' undefined; assuming extern returning int
C:\Users\Administrator\source\repos\SDD2022\Seminar_8\Sem8SDD_1058\arbori_binari.c(28,8): warning C4013: 'strcpy' undefined; assuming extern returning int
C:\Users\Administrator\source\repos\SDD2022\Seminar_8\Sem8SDD_1058\arbori_binari.c(31,18): warning C4133: '=': incompatible types - from 'nodArb *' to 'nodArb *'
C:\Users\Administrator\source\repos\SDD2022\Seminar_8\Sem8SDD_1058\arbori_binari.c(32,19): warning C4133: '=': incompatible types - from 'nodArb *' to 'nodArb *'
C:\Users\Administrator\source\repos\SDD2022\Seminar_8\Sem8SDD_1058\arbori_binari.c(43,44): warning C4133: 'function': incompatible types - from 'nodArb *' to 'nodArb *'
C:\Users\Administrator\source\repos\SDD2022\Seminar_8\Sem8SDD_1058\arbori_binari.c(43,45): warning C4133: '=': incompatible types - from 'nodArb *' to 'nodArb *'
C:\Users\Administrator\source\repos\SDD2022\Seminar_8\Sem8SDD_1058\arbori_binari.c(49,47): warning C4133: 'function': incompatible types - from 'nodArb *' to 'nodArb *'
C:\Users\Administrator\source\repos\SDD2022\Seminar_8\Sem8SDD_1058\arbori_binari.c(49,48): warning C4133: '=': incompatible types - from 'nodArb *' to 'nodArb *'
C:\Users\Administrator\source\repos\SDD2022\Seminar_8\Sem8SDD_1058\arbori_binari.c(65,34): warning C4133: 'function': incompatible types - from 'nodArb *' to 'nodArb *'
C:\Users\Administrator\source\repos\SDD2022\Seminar_8\Sem8SDD_1058\arbori_binari.c(66,35): warning C4133: 'function': incompatible types - from 'nodArb *' to 'nodArb *'
C:\Users\Administrator\source\repos\SDD2022\Seminar_8\Sem8SDD_1058\arbori_binari.c(74,33): warning C4133: 'function': incompatible types - from 'nodArb *' to 'nodArb *'
C:\Users\Administrator\source\repos\SDD2022\Seminar_8\Sem8SDD_1058\arbori_binari.c(77,34): warning C4133: 'function': incompatible types - from 'nodArb *' to 'nodArb *'
C:\Users\Administrator\source\repos\SDD2022\Seminar_8\Sem8SDD_1058\arbori_binari.c(85,35): warning C4133: 'function': incompatible types - from 'nodArb *' to 'nodArb *'
C:\Users\Administrator\source\repos\SDD2022\Seminar_8\Sem8SDD_1058\arbori_binari.c(86,36): warning C4133: 'function': incompatible types - from 'nodArb *' to 'nodArb *'
C:\Users\Administrator\source\repos\SDD2022\Seminar_8\Sem8SDD_1058\arbori_binari.c(96,1): warning C4133: 'initializing': incompatible types - from 'nodArb *' to 'nodArb *'
C:\Users\Administrator\source\repos\SDD2022\Seminar_8\Sem8SDD_1058\arbori_binari.c(97,1): warning C4133: 'initializing': incompatible types - from 'nodArb *' to 'nodArb *'
C:\Users\Administrator\source\repos\SDD2022\Seminar_8\Sem8SDD_1058\arbori_binari.c(113,31): warning C4133: 'function': incompatible types - from 'nodArb *' to 'nodArb *'
C:\Users\Administrator\source\repos\SDD2022\Seminar_8\Sem8SDD_1058\arbori_binari.c(115,32): warning C4133: 'function': incompatible types - from 'nodArb *' to 'nodArb *'
C:\Users\Administrator\source\repos\SDD2022\Seminar_8\Sem8SDD_1058\arbori_binari.c(130,31): warning C4133: 'function': incompatible types - from 'nodArb *' to 'nodArb *'
C:\Users\Administrator\source\repos\SDD2022\Seminar_8\Sem8SDD_1058\arbori_binari.c(131,32): warning C4133: 'function': incompatible types - from 'nodArb *' to 'nodArb *'
C:\Users\Administrator\source\repos\SDD2022\Seminar_8\Sem8SDD_1058\arbori_binari.c(144,34): warning C4133: 'function': incompatible types - from 'nodArb *' to 'nodArb *'
C:\Users\Administrator\source\repos\SDD2022\Seminar_8\Sem8SDD_1058\arbori_binari.c(145,35): warning C4133: 'function': incompatible types - from 'nodArb *' to 'nodArb *'
C:\Users\Administrator\source\repos\SDD2022\Seminar_8\Sem8SDD_1058\arbori_binari.c(160,46): warning C4133: 'function': incompatible types - from 'nodArb *' to 'nodArb *'
C:\Users\Administrator\source\repos\SDD2022\Seminar_8\Sem8SDD_1058\arbori_binari.c(161,31): warning C4133: 'function': incompatible types - from 'nodArb *' to 'nodArb *'
C:\Users\Administrator\source\repos\SDD2022\Seminar_8\Sem8SDD_1058\arbori_binari.c(171,20): warning C4133: '=': incompatible types - from 'nodArb *' to 'nodArb *'
C:\Users\Administrator\source\repos\SDD2022\Seminar_8\Sem8SDD_1058\arbori_binari.c(177,25): warning C4133: '=': incompatible types - from 'nodArb *' to 'nodArb *'
C:\Users\Administrator\source\repos\SDD2022\Seminar_8\Sem8SDD_1058\arbori_binari.c(184,22): warning C4133: '=': incompatible types - from 'nodArb *' to 'nodArb *'
C:\Users\Administrator\source\repos\SDD2022\Seminar_8\Sem8SDD_1058\arbori_binari.c(174,1): warning C4133: 'initializing': incompatible types - from 'nodArb *' to 'nodArb *'
C:\Users\Administrator\source\repos\SDD2022\Seminar_8\Sem8SDD_1058\arbori_binari.c(215,43): warning C4133: 'function': incompatible types - from 'nodArb *' to 'nodArb *'
C:\Users\Administrator\source\repos\SDD2022\Seminar_8\Sem8SDD_1058\arbori_binari.c(215,44): warning C4133: '=': incompatible types - from 'nodArb *' to 'nodArb *'
C:\Users\Administrator\source\repos\SDD2022\Seminar_8\Sem8SDD_1058\arbori_binari.c(218,25): warning C4133: '=': incompatible types - from 'nodArb *' to 'nodArb *'
C:\Users\Administrator\source\repos\SDD2022\Seminar_8\Sem8SDD_1058\arbori_binari.c(229,46): warning C4133: 'function': incompatible types - from 'nodArb *' to 'nodArb *'
C:\Users\Administrator\source\repos\SDD2022\Seminar_8\Sem8SDD_1058\arbori_binari.c(229,47): warning C4133: '=': incompatible types - from 'nodArb *' to 'nodArb *'
C:\Users\Administrator\source\repos\SDD2022\Seminar_8\Sem8SDD_1058\arbori_binari.c(232,27): warning C4133: '=': incompatible types - from 'nodArb *' to 'nodArb *'
C:\Users\Administrator\source\repos\SDD2022\Seminar_8\Sem8SDD_1058\arbori_binari.c(212,1): warning C4133: 'initializing': incompatible types - from 'nodArb *' to 'nodArb *'
C:\Users\Administrator\source\repos\SDD2022\Seminar_8\Sem8SDD_1058\arbori_binari.c(226,1): warning C4133: 'initializing': incompatible types - from 'nodArb *' to 'nodArb *'
C:\Users\Administrator\source\repos\SDD2022\Seminar_8\Sem8SDD_1058\arbori_binari.c(244,47): warning C4133: 'function': incompatible types - from 'nodArb *' to 'nodArb *'
C:\Users\Administrator\source\repos\SDD2022\Seminar_8\Sem8SDD_1058\arbori_binari.c(244,55): warning C4133: '=': incompatible types - from 'nodArb *' to 'nodArb *'
C:\Users\Administrator\source\repos\SDD2022\Seminar_8\Sem8SDD_1058\arbori_binari.c(247,50): warning C4133: 'function': incompatible types - from 'nodArb *' to 'nodArb *'
C:\Users\Administrator\source\repos\SDD2022\Seminar_8\Sem8SDD_1058\arbori_binari.c(247,58): warning C4133: '=': incompatible types - from 'nodArb *' to 'nodArb *'
C:\Users\Administrator\source\repos\SDD2022\Seminar_8\Sem8SDD_1058\arbori_binari.c(260,13): warning C4013: 'strcmp' undefined; assuming extern returning int
C:\Users\Administrator\source\repos\SDD2022\Seminar_8\Sem8SDD_1058\arbori_binari.c(267,44): warning C4133: 'function': incompatible types - from 'nodArb *' to 'nodArb *'
C:\Users\Administrator\source\repos\SDD2022\Seminar_8\Sem8SDD_1058\arbori_binari.c(267,51): warning C4133: '=': incompatible types - from 'nodArb *' to 'nodArb *'
C:\Users\Administrator\source\repos\SDD2022\Seminar_8\Sem8SDD_1058\arbori_binari.c(268,46): warning C4133: 'function': incompatible types - from 'nodArb *' to 'nodArb *'
C:\Users\Administrator\source\repos\SDD2022\Seminar_8\Sem8SDD_1058\arbori_binari.c(268,53): warning C4133: '=': incompatible types - from 'nodArb *' to 'nodArb *'
C:\Users\Administrator\source\repos\SDD2022\Seminar_8\Sem8SDD_1058\arbori_binari.c(291,21): warning C4133: '=': incompatible types - from 'nodLista *' to 'nodLista *'
C:\Users\Administrator\source\repos\SDD2022\Seminar_8\Sem8SDD_1058\arbori_binari.c(292,19): warning C4133: '=': incompatible types - from 'nodLista *' to 'nodLista *'
C:\Users\Administrator\source\repos\SDD2022\Seminar_8\Sem8SDD_1058\arbori_binari.c(304,20): warning C4133: '=': incompatible types - from 'nodLista *' to 'nodLista *'
C:\Users\Administrator\source\repos\SDD2022\Seminar_8\Sem8SDD_1058\arbori_binari.c(313,1): warning C4133: 'initializing': incompatible types - from 'nodLista *' to 'nodLista *'
C:\Users\Administrator\source\repos\SDD2022\Seminar_8\Sem8SDD_1058\arbori_binari.c(326,34): warning C4133: 'function': incompatible types - from 'nodArb *' to 'nodArb *'
C:\Users\Administrator\source\repos\SDD2022\Seminar_8\Sem8SDD_1058\arbori_binari.c(327,35): warning C4133: 'function': incompatible types - from 'nodArb *' to 'nodArb *'
C:\Users\Administrator\source\repos\SDD2022\Seminar_8\Sem8SDD_1058\arbori_binari.c(379,49): warning C4133: 'function': incompatible types - from 'nodArb *' to 'nodArb *'
C:\Users\Administrator\source\repos\SDD2022\Seminar_8\Sem8SDD_1058\arbori_binari.c(380,29): warning C4133: 'function': incompatible types - from 'nodArb *' to 'nodArb *'
  Sem7SDD_1058.vcxproj -> C:\Users\Administrator\source\repos\SDD2022\Seminar_8\Sem8SDD_1058\x64\Debug\Sem7SDD_1058.exe
