  arbore_binar.c
C:\Users\Administrator\source\repos\SDD2022\Seminar_8\Sem8SDD_1057\arbore_binar.c(27,44): warning C4013: 'strlen' undefined; assuming extern returning int
C:\Users\Administrator\source\repos\SDD2022\Seminar_8\Sem8SDD_1057\arbore_binar.c(29,8): warning C4013: 'strcpy' undefined; assuming extern returning int
C:\Users\Administrator\source\repos\SDD2022\Seminar_8\Sem8SDD_1057\arbore_binar.c(31,18): warning C4133: '=': incompatible types - from 'nodArb *' to 'nodArb *'
C:\Users\Administrator\source\repos\SDD2022\Seminar_8\Sem8SDD_1057\arbore_binar.c(32,19): warning C4133: '=': incompatible types - from 'nodArb *' to 'nodArb *'
C:\Users\Administrator\source\repos\SDD2022\Seminar_8\Sem8SDD_1057\arbore_binar.c(42,44): warning C4133: 'function': incompatible types - from 'nodArb *' to 'nodArb *'
C:\Users\Administrator\source\repos\SDD2022\Seminar_8\Sem8SDD_1057\arbore_binar.c(42,45): warning C4133: '=': incompatible types - from 'nodArb *' to 'nodArb *'
C:\Users\Administrator\source\repos\SDD2022\Seminar_8\Sem8SDD_1057\arbore_binar.c(48,47): warning C4133: 'function': incompatible types - from 'nodArb *' to 'nodArb *'
C:\Users\Administrator\source\repos\SDD2022\Seminar_8\Sem8SDD_1057\arbore_binar.c(48,48): warning C4133: '=': incompatible types - from 'nodArb *' to 'nodArb *'
C:\Users\Administrator\source\repos\SDD2022\Seminar_8\Sem8SDD_1057\arbore_binar.c(64,24): warning C4133: 'function': incompatible types - from 'nodArb *' to 'nodArb *'
C:\Users\Administrator\source\repos\SDD2022\Seminar_8\Sem8SDD_1057\arbore_binar.c(65,25): warning C4133: 'function': incompatible types - from 'nodArb *' to 'nodArb *'
C:\Users\Administrator\source\repos\SDD2022\Seminar_8\Sem8SDD_1057\arbore_binar.c(73,23): warning C4133: 'function': incompatible types - from 'nodArb *' to 'nodArb *'
C:\Users\Administrator\source\repos\SDD2022\Seminar_8\Sem8SDD_1057\arbore_binar.c(76,24): warning C4133: 'function': incompatible types - from 'nodArb *' to 'nodArb *'
C:\Users\Administrator\source\repos\SDD2022\Seminar_8\Sem8SDD_1057\arbore_binar.c(88,34): warning C4133: 'function': incompatible types - from 'nodArb *' to 'nodArb *'
C:\Users\Administrator\source\repos\SDD2022\Seminar_8\Sem8SDD_1057\arbore_binar.c(90,35): warning C4133: 'function': incompatible types - from 'nodArb *' to 'nodArb *'
C:\Users\Administrator\source\repos\SDD2022\Seminar_8\Sem8SDD_1057\arbore_binar.c(100,25): warning C4133: 'function': incompatible types - from 'nodArb *' to 'nodArb *'
C:\Users\Administrator\source\repos\SDD2022\Seminar_8\Sem8SDD_1057\arbore_binar.c(101,26): warning C4133: 'function': incompatible types - from 'nodArb *' to 'nodArb *'
C:\Users\Administrator\source\repos\SDD2022\Seminar_8\Sem8SDD_1057\arbore_binar.c(111,1): warning C4133: 'initializing': incompatible types - from 'nodArb *' to 'nodArb *'
C:\Users\Administrator\source\repos\SDD2022\Seminar_8\Sem8SDD_1057\arbore_binar.c(112,1): warning C4133: 'initializing': incompatible types - from 'nodArb *' to 'nodArb *'
C:\Users\Administrator\source\repos\SDD2022\Seminar_8\Sem8SDD_1057\arbore_binar.c(126,36): warning C4133: 'function': incompatible types - from 'nodArb *' to 'nodArb *'
C:\Users\Administrator\source\repos\SDD2022\Seminar_8\Sem8SDD_1057\arbore_binar.c(127,37): warning C4133: 'function': incompatible types - from 'nodArb *' to 'nodArb *'
C:\Users\Administrator\source\repos\SDD2022\Seminar_8\Sem8SDD_1057\arbore_binar.c(140,40): warning C4133: 'function': incompatible types - from 'nodArb *' to 'nodArb *'
C:\Users\Administrator\source\repos\SDD2022\Seminar_8\Sem8SDD_1057\arbore_binar.c(141,41): warning C4133: 'function': incompatible types - from 'nodArb *' to 'nodArb *'
C:\Users\Administrator\source\repos\SDD2022\Seminar_8\Sem8SDD_1057\arbore_binar.c(151,34): warning C4133: 'function': incompatible types - from 'nodArb *' to 'nodArb *'
C:\Users\Administrator\source\repos\SDD2022\Seminar_8\Sem8SDD_1057\arbore_binar.c(152,35): warning C4133: 'function': incompatible types - from 'nodArb *' to 'nodArb *'
C:\Users\Administrator\source\repos\SDD2022\Seminar_8\Sem8SDD_1057\arbore_binar.c(167,46): warning C4133: 'function': incompatible types - from 'nodArb *' to 'nodArb *'
C:\Users\Administrator\source\repos\SDD2022\Seminar_8\Sem8SDD_1057\arbore_binar.c(168,31): warning C4133: 'function': incompatible types - from 'nodArb *' to 'nodArb *'
C:\Users\Administrator\source\repos\SDD2022\Seminar_8\Sem8SDD_1057\arbore_binar.c(178,20): warning C4133: '=': incompatible types - from 'nodArb *' to 'nodArb *'
C:\Users\Administrator\source\repos\SDD2022\Seminar_8\Sem8SDD_1057\arbore_binar.c(183,25): warning C4133: '=': incompatible types - from 'nodArb *' to 'nodArb *'
C:\Users\Administrator\source\repos\SDD2022\Seminar_8\Sem8SDD_1057\arbore_binar.c(189,22): warning C4133: '=': incompatible types - from 'nodArb *' to 'nodArb *'
C:\Users\Administrator\source\repos\SDD2022\Seminar_8\Sem8SDD_1057\arbore_binar.c(181,1): warning C4133: 'initializing': incompatible types - from 'nodArb *' to 'nodArb *'
C:\Users\Administrator\source\repos\SDD2022\Seminar_8\Sem8SDD_1057\arbore_binar.c(202,47): warning C4133: 'function': incompatible types - from 'nodArb *' to 'nodArb *'
C:\Users\Administrator\source\repos\SDD2022\Seminar_8\Sem8SDD_1057\arbore_binar.c(202,55): warning C4133: '=': incompatible types - from 'nodArb *' to 'nodArb *'
C:\Users\Administrator\source\repos\SDD2022\Seminar_8\Sem8SDD_1057\arbore_binar.c(205,50): warning C4133: 'function': incompatible types - from 'nodArb *' to 'nodArb *'
C:\Users\Administrator\source\repos\SDD2022\Seminar_8\Sem8SDD_1057\arbore_binar.c(205,58): warning C4133: '=': incompatible types - from 'nodArb *' to 'nodArb *'
C:\Users\Administrator\source\repos\SDD2022\Seminar_8\Sem8SDD_1057\arbore_binar.c(218,13): warning C4013: 'strcmp' undefined; assuming extern returning int
C:\Users\Administrator\source\repos\SDD2022\Seminar_8\Sem8SDD_1057\arbore_binar.c(225,48): warning C4133: 'function': incompatible types - from 'nodArb *' to 'nodArb *'
C:\Users\Administrator\source\repos\SDD2022\Seminar_8\Sem8SDD_1057\arbore_binar.c(225,59): warning C4133: '=': incompatible types - from 'nodArb *' to 'nodArb *'
C:\Users\Administrator\source\repos\SDD2022\Seminar_8\Sem8SDD_1057\arbore_binar.c(226,50): warning C4133: 'function': incompatible types - from 'nodArb *' to 'nodArb *'
C:\Users\Administrator\source\repos\SDD2022\Seminar_8\Sem8SDD_1057\arbore_binar.c(226,61): warning C4133: '=': incompatible types - from 'nodArb *' to 'nodArb *'
C:\Users\Administrator\source\repos\SDD2022\Seminar_8\Sem8SDD_1057\arbore_binar.c(248,21): warning C4133: '=': incompatible types - from 'nodLista *' to 'nodLista *'
C:\Users\Administrator\source\repos\SDD2022\Seminar_8\Sem8SDD_1057\arbore_binar.c(249,19): warning C4133: '=': incompatible types - from 'nodLista *' to 'nodLista *'
C:\Users\Administrator\source\repos\SDD2022\Seminar_8\Sem8SDD_1057\arbore_binar.c(261,20): warning C4133: '=': incompatible types - from 'nodLista *' to 'nodLista *'
C:\Users\Administrator\source\repos\SDD2022\Seminar_8\Sem8SDD_1057\arbore_binar.c(270,1): warning C4133: 'initializing': incompatible types - from 'nodLista *' to 'nodLista *'
C:\Users\Administrator\source\repos\SDD2022\Seminar_8\Sem8SDD_1057\arbore_binar.c(283,35): warning C4133: 'function': incompatible types - from 'nodArb *' to 'nodArb *'
C:\Users\Administrator\source\repos\SDD2022\Seminar_8\Sem8SDD_1057\arbore_binar.c(284,36): warning C4133: 'function': incompatible types - from 'nodArb *' to 'nodArb *'
C:\Users\Administrator\source\repos\SDD2022\Seminar_8\Sem8SDD_1057\arbore_binar.c(337,49): warning C4133: 'function': incompatible types - from 'nodArb *' to 'nodArb *'
C:\Users\Administrator\source\repos\SDD2022\Seminar_8\Sem8SDD_1057\arbore_binar.c(338,29): warning C4133: 'function': incompatible types - from 'nodArb *' to 'nodArb *'
  Sem7SDD_1057.vcxproj -> C:\Users\Administrator\source\repos\SDD2022\Seminar_8\Sem8SDD_1057\x64\Debug\Sem7SDD_1057.exe
