  lista_dubla_circulara.c
C:\Users\Administrator\Desktop\SDD 2022\Sem3SDD_1057\lista_dubla_circulara.c(1,1): warning C4005: '_CRT_SECURE_NO_WARNINGS': macro redefinition
C:\Users\Administrator\Desktop\SDD 2022\Sem3SDD_1057\lista_dubla_circulara.c : message : see previous definition of '_CRT_SECURE_NO_WARNINGS'
C:\Users\Administrator\Desktop\SDD 2022\Sem3SDD_1057\lista_dubla_circulara.c(25,44): warning C4013: 'strlen' undefined; assuming extern returning int
C:\Users\Administrator\Desktop\SDD 2022\Sem3SDD_1057\lista_dubla_circulara.c(26,8): warning C4013: 'strcpy' undefined; assuming extern returning int
C:\Users\Administrator\Desktop\SDD 2022\Sem3SDD_1057\lista_dubla_circulara.c(34,18): warning C4133: '=': incompatible types - from 'nodls *' to 'nodls *'
C:\Users\Administrator\Desktop\SDD 2022\Sem3SDD_1057\lista_dubla_circulara.c(35,18): warning C4133: '=': incompatible types - from 'nodls *' to 'nodls *'
C:\Users\Administrator\Desktop\SDD 2022\Sem3SDD_1057\lista_dubla_circulara.c(41,27): warning C4133: '!=': incompatible types - from 'nodls *' to 'nodls *'
C:\Users\Administrator\Desktop\SDD 2022\Sem3SDD_1057\lista_dubla_circulara.c(42,21): warning C4133: '=': incompatible types - from 'nodls *' to 'nodls *'
C:\Users\Administrator\Desktop\SDD 2022\Sem3SDD_1057\lista_dubla_circulara.c(43,19): warning C4133: '=': incompatible types - from 'nodls *' to 'nodls *'
C:\Users\Administrator\Desktop\SDD 2022\Sem3SDD_1057\lista_dubla_circulara.c(44,19): warning C4133: '=': incompatible types - from 'nodls *' to 'nodls *'
C:\Users\Administrator\Desktop\SDD 2022\Sem3SDD_1057\lista_dubla_circulara.c(46,23): warning C4133: '=': incompatible types - from 'nodls *' to 'nodls *'
C:\Users\Administrator\Desktop\SDD 2022\Sem3SDD_1057\lista_dubla_circulara.c(47,21): warning C4133: '=': incompatible types - from 'nodls *' to 'nodls *'
C:\Users\Administrator\Desktop\SDD 2022\Sem3SDD_1057\lista_dubla_circulara.c(55,25): warning C4133: '!=': incompatible types - from 'nodls *' to 'nodls *'
C:\Users\Administrator\Desktop\SDD 2022\Sem3SDD_1057\lista_dubla_circulara.c(59,20): warning C4133: '=': incompatible types - from 'nodls *' to 'nodls *'
C:\Users\Administrator\Desktop\SDD 2022\Sem3SDD_1057\lista_dubla_circulara.c(68,28): warning C4133: '!=': incompatible types - from 'nodls *' to 'nodls *'
C:\Users\Administrator\Desktop\SDD 2022\Sem3SDD_1057\lista_dubla_circulara.c(72,20): warning C4133: '=': incompatible types - from 'nodls *' to 'nodls *'
C:\Users\Administrator\Desktop\SDD 2022\Sem3SDD_1057\lista_dubla_circulara.c(81,26): warning C4133: '!=': incompatible types - from 'nodls *' to 'nodls *'
C:\Users\Administrator\Desktop\SDD 2022\Sem3SDD_1057\lista_dubla_circulara.c(92,20): warning C4133: '=': incompatible types - from 'nodls *' to 'nodls *'
C:\Users\Administrator\Desktop\SDD 2022\Sem3SDD_1057\lista_dubla_circulara.c(107,26): warning C4133: '!=': incompatible types - from 'nodls *' to 'nodls *'
C:\Users\Administrator\Desktop\SDD 2022\Sem3SDD_1057\lista_dubla_circulara.c(109,1): warning C4133: 'initializing': incompatible types - from 'nodls *' to 'nodls *'
  Sem2SDD_1057.vcxproj -> C:\Users\Administrator\Desktop\SDD 2022\Sem3SDD_1057\Debug\Sem2SDD_1057.exe
