  arbore_echilibrat.c
C:\Users\Administrator\source\repos\SDD2022\Curs_8\Curs_8\arbore_echilibrat.c(27,16): warning C4133: '=': incompatible types - from 'nodarb *' to 'nodarb *'
C:\Users\Administrator\source\repos\SDD2022\Curs_8\Curs_8\arbore_echilibrat.c(28,17): warning C4133: '=': incompatible types - from 'nodarb *' to 'nodarb *'
C:\Users\Administrator\source\repos\SDD2022\Curs_8\Curs_8\arbore_echilibrat.c(45,21): warning C4133: '=': incompatible types - from 'nodarb *' to 'nodarb *'
C:\Users\Administrator\source\repos\SDD2022\Curs_8\Curs_8\arbore_echilibrat.c(48,39): warning C4133: '=': incompatible types - from 'nodarb *' to 'nodarb *'
C:\Users\Administrator\source\repos\SDD2022\Curs_8\Curs_8\arbore_echilibrat.c(54,23): warning C4133: '=': incompatible types - from 'nodarb *' to 'nodarb *'
C:\Users\Administrator\source\repos\SDD2022\Curs_8\Curs_8\arbore_echilibrat.c(57,41): warning C4133: '=': incompatible types - from 'nodarb *' to 'nodarb *'
C:\Users\Administrator\source\repos\SDD2022\Curs_8\Curs_8\arbore_echilibrat.c(70,22): warning C4133: 'function': incompatible types - from 'nodarb *' to 'nodarb *'
C:\Users\Administrator\source\repos\SDD2022\Curs_8\Curs_8\arbore_echilibrat.c(71,23): warning C4133: 'function': incompatible types - from 'nodarb *' to 'nodarb *'
C:\Users\Administrator\source\repos\SDD2022\Curs_8\Curs_8\arbore_echilibrat.c(79,21): warning C4133: 'function': incompatible types - from 'nodarb *' to 'nodarb *'
C:\Users\Administrator\source\repos\SDD2022\Curs_8\Curs_8\arbore_echilibrat.c(81,22): warning C4133: 'function': incompatible types - from 'nodarb *' to 'nodarb *'
C:\Users\Administrator\source\repos\SDD2022\Curs_8\Curs_8\arbore_echilibrat.c(89,23): warning C4133: 'function': incompatible types - from 'nodarb *' to 'nodarb *'
C:\Users\Administrator\source\repos\SDD2022\Curs_8\Curs_8\arbore_echilibrat.c(90,24): warning C4133: 'function': incompatible types - from 'nodarb *' to 'nodarb *'
C:\Users\Administrator\source\repos\SDD2022\Curs_8\Curs_8\arbore_echilibrat.c(99,1): warning C4133: 'initializing': incompatible types - from 'nodarb *' to 'nodarb *'
C:\Users\Administrator\source\repos\SDD2022\Curs_8\Curs_8\arbore_echilibrat.c(100,1): warning C4133: 'initializing': incompatible types - from 'nodarb *' to 'nodarb *'
C:\Users\Administrator\source\repos\SDD2022\Curs_8\Curs_8\arbore_echilibrat.c(116,29): warning C4133: 'function': incompatible types - from 'nodarb *' to 'nodarb *'
C:\Users\Administrator\source\repos\SDD2022\Curs_8\Curs_8\arbore_echilibrat.c(118,30): warning C4133: 'function': incompatible types - from 'nodarb *' to 'nodarb *'
C:\Users\Administrator\source\repos\SDD2022\Curs_8\Curs_8\arbore_echilibrat.c(135,40): warning C4133: 'function': incompatible types - from 'nodarb *' to 'nodarb *'
C:\Users\Administrator\source\repos\SDD2022\Curs_8\Curs_8\arbore_echilibrat.c(135,64): warning C4133: 'function': incompatible types - from 'nodarb *' to 'nodarb *'
C:\Users\Administrator\source\repos\SDD2022\Curs_8\Curs_8\arbore_echilibrat.c(155,1): warning C4133: 'initializing': incompatible types - from 'nodarb *' to 'nodarb *'
C:\Users\Administrator\source\repos\SDD2022\Curs_8\Curs_8\arbore_echilibrat.c(156,1): warning C4133: 'initializing': incompatible types - from 'nodarb *' to 'nodarb *'
C:\Users\Administrator\source\repos\SDD2022\Curs_8\Curs_8\arbore_echilibrat.c(169,18): warning C4133: '=': incompatible types - from 'nodarb *' to 'nodarb *'
C:\Users\Administrator\source\repos\SDD2022\Curs_8\Curs_8\arbore_echilibrat.c(174,23): warning C4133: '=': incompatible types - from 'nodarb *' to 'nodarb *'
C:\Users\Administrator\source\repos\SDD2022\Curs_8\Curs_8\arbore_echilibrat.c(180,20): warning C4133: '=': incompatible types - from 'nodarb *' to 'nodarb *'
C:\Users\Administrator\source\repos\SDD2022\Curs_8\Curs_8\arbore_echilibrat.c(172,1): warning C4133: 'initializing': incompatible types - from 'nodarb *' to 'nodarb *'
C:\Users\Administrator\source\repos\SDD2022\Curs_8\Curs_8\arbore_echilibrat.c(208,1): warning C4133: 'initializing': incompatible types - from 'nodarb *' to 'nodarb *'
C:\Users\Administrator\source\repos\SDD2022\Curs_8\Curs_8\arbore_echilibrat.c(220,1): warning C4133: 'initializing': incompatible types - from 'nodarb *' to 'nodarb *'
C:\Users\Administrator\source\repos\SDD2022\Curs_8\Curs_8\arbore_echilibrat.c(235,34): warning C4133: 'function': incompatible types - from 'nodarb *' to 'nodarb *'
C:\Users\Administrator\source\repos\SDD2022\Curs_8\Curs_8\arbore_echilibrat.c(235,58): warning C4133: 'function': incompatible types - from 'nodarb *' to 'nodarb *'
C:\Users\Administrator\source\repos\SDD2022\Curs_8\Curs_8\arbore_echilibrat.c(236,21): warning C4133: 'function': incompatible types - from 'nodarb *' to 'nodarb *'
C:\Users\Administrator\source\repos\SDD2022\Curs_8\Curs_8\arbore_echilibrat.c(237,22): warning C4133: 'function': incompatible types - from 'nodarb *' to 'nodarb *'
C:\Users\Administrator\source\repos\SDD2022\Curs_8\Curs_8\arbore_echilibrat.c(246,19): warning C4133: '=': incompatible types - from 'nodarb *' to 'nodarb *'
C:\Users\Administrator\source\repos\SDD2022\Curs_8\Curs_8\arbore_echilibrat.c(244,1): warning C4133: 'initializing': incompatible types - from 'nodarb *' to 'nodarb *'
C:\Users\Administrator\source\repos\SDD2022\Curs_8\Curs_8\arbore_echilibrat.c(256,18): warning C4133: '=': incompatible types - from 'nodarb *' to 'nodarb *'
C:\Users\Administrator\source\repos\SDD2022\Curs_8\Curs_8\arbore_echilibrat.c(254,1): warning C4133: 'initializing': incompatible types - from 'nodarb *' to 'nodarb *'
C:\Users\Administrator\source\repos\SDD2022\Curs_8\Curs_8\arbore_echilibrat.c(267,20): warning C4133: '=': incompatible types - from 'nodarb *' to 'nodarb *'
C:\Users\Administrator\source\repos\SDD2022\Curs_8\Curs_8\arbore_echilibrat.c(269,18): warning C4133: '=': incompatible types - from 'nodarb *' to 'nodarb *'
C:\Users\Administrator\source\repos\SDD2022\Curs_8\Curs_8\arbore_echilibrat.c(264,1): warning C4133: 'initializing': incompatible types - from 'nodarb *' to 'nodarb *'
C:\Users\Administrator\source\repos\SDD2022\Curs_8\Curs_8\arbore_echilibrat.c(265,1): warning C4133: 'initializing': incompatible types - from 'nodarb *' to 'nodarb *'
C:\Users\Administrator\source\repos\SDD2022\Curs_8\Curs_8\arbore_echilibrat.c(280,19): warning C4133: '=': incompatible types - from 'nodarb *' to 'nodarb *'
C:\Users\Administrator\source\repos\SDD2022\Curs_8\Curs_8\arbore_echilibrat.c(282,19): warning C4133: '=': incompatible types - from 'nodarb *' to 'nodarb *'
C:\Users\Administrator\source\repos\SDD2022\Curs_8\Curs_8\arbore_echilibrat.c(277,1): warning C4133: 'initializing': incompatible types - from 'nodarb *' to 'nodarb *'
C:\Users\Administrator\source\repos\SDD2022\Curs_8\Curs_8\arbore_echilibrat.c(278,1): warning C4133: 'initializing': incompatible types - from 'nodarb *' to 'nodarb *'
C:\Users\Administrator\source\repos\SDD2022\Curs_8\Curs_8\arbore_echilibrat.c(290,1): warning C4133: 'initializing': incompatible types - from 'nodarb *' to 'nodarb *'
C:\Users\Administrator\source\repos\SDD2022\Curs_8\Curs_8\arbore_echilibrat.c(291,1): warning C4133: 'initializing': incompatible types - from 'nodarb *' to 'nodarb *'
C:\Users\Administrator\source\repos\SDD2022\Curs_8\Curs_8\arbore_echilibrat.c(327,25): warning C4133: 'function': incompatible types - from 'nodarb *' to 'nodarb *'
C:\Users\Administrator\source\repos\SDD2022\Curs_8\Curs_8\arbore_echilibrat.c(328,26): warning C4133: 'function': incompatible types - from 'nodarb *' to 'nodarb *'
C:\Users\Administrator\source\repos\SDD2022\Curs_8\Curs_8\arbore_echilibrat.c(355,26): warning C4133: 'function': incompatible types - from 'nodarb *' to 'nodarb *'
C:\Users\Administrator\source\repos\SDD2022\Curs_8\Curs_8\arbore_echilibrat.c(355,69): warning C4133: 'function': incompatible types - from 'nodarb *' to 'nodarb *'
C:\Users\Administrator\source\repos\SDD2022\Curs_8\Curs_8\arbore_echilibrat.c(389,33): warning C4133: 'function': incompatible types - from 'nodarb *' to 'nodarb *'
C:\Users\Administrator\source\repos\SDD2022\Curs_8\Curs_8\arbore_echilibrat.c(390,34): warning C4133: 'function': incompatible types - from 'nodarb *' to 'nodarb *'
C:\Users\Administrator\source\repos\SDD2022\Curs_8\Curs_8\arbore_echilibrat.c(439,21): warning C4133: 'function': incompatible types - from 'nodarb *' to 'nodarb *'
C:\Users\Administrator\source\repos\SDD2022\Curs_8\Curs_8\arbore_echilibrat.c(441,22): warning C4133: 'function': incompatible types - from 'nodarb *' to 'nodarb *'
C:\Users\Administrator\source\repos\SDD2022\Curs_8\Curs_8\arbore_echilibrat.c(445,67): warning C4133: 'function': incompatible types - from 'nodarb *' to 'nodarb *'
C:\Users\Administrator\source\repos\SDD2022\Curs_8\Curs_8\arbore_echilibrat.c(446,68): warning C4133: 'function': incompatible types - from 'nodarb *' to 'nodarb *'
  Curs_8.vcxproj -> C:\Users\Administrator\source\repos\SDD2022\Curs_8\Curs_8\x64\Debug\Curs_8.exe
